Flutter crash report; please file at https://github.com/flutter/flutter/issues.

## command

flutter packages get

## exception

YamlException: Error on line 43, column 3: Expected ':'.
  # An image asset can refer to one or more resolution-specific "variants", see
  ^

```
#0      Scanner._staleSimpleKeys (package:yaml/src/scanner.dart:491)
#1      Scanner._fetchMoreTokens (package:yaml/src/scanner.dart:325)
#2      Scanner.peek (package:yaml/src/scanner.dart:317)
#3      Parser._parseBlockSequenceEntry (package:yaml/src/parser.dart:355)
#4      Parser._stateMachine (package:yaml/src/parser.dart:77)
#5      Parser.parse (package:yaml/src/parser.dart:47)
#6      Loader._loadSequence (package:yaml/src/loader.dart:142)
#7      Loader._loadNode (package:yaml/src/loader.dart:84)
#8      Loader._loadMapping (package:yaml/src/loader.dart:165)
#9      Loader._loadNode (package:yaml/src/loader.dart:86)
#10     Loader._loadMapping (package:yaml/src/loader.dart:165)
#11     Loader._loadNode (package:yaml/src/loader.dart:86)
#12     Loader._loadDocument (package:yaml/src/loader.dart:62)
#13     Loader.load (package:yaml/src/loader.dart:54)
#14     loadYamlDocument (package:yaml/yaml.dart:51)
#15     loadYamlNode (package:yaml/yaml.dart:42)
#16     loadYaml (package:yaml/yaml.dart:34)
#17     _pluginFromPubspec (package:flutter_tools/src/plugins.dart:52)
#18     _findPlugins.<anonymous closure> (package:flutter_tools/src/plugins.dart:75)
#19     _HashVMBase&MapMixin&&_LinkedHashMapMixin.forEach (dart:collection-patch/dart:collection/compact_hash.dart:363)
#20     _findPlugins (package:flutter_tools/src/plugins.dart:73)
#21     injectPlugins (package:flutter_tools/src/plugins.dart:234)
#22     FlutterProject.ensureReadyForPlatformSpecificTooling (package:flutter_tools/src/project.dart:62)
#23     PackagesGetCommand.runCommand (package:flutter_tools/src/commands/packages.dart:85)
<asynchronous suspension>
#24     FlutterCommand.verifyThenRunCommand (package:flutter_tools/src/runner/flutter_command.dart:344)
<asynchronous suspension>
#25     FlutterCommand.run.<anonymous closure> (package:flutter_tools/src/runner/flutter_command.dart:279)
<asynchronous suspension>
#26     AppContext.run.<anonymous closure> (package:flutter_tools/src/base/context.dart:142)
<asynchronous suspension>
#27     _rootRun (dart:async/zone.dart:1126)
#28     _CustomZone.run (dart:async/zone.dart:1023)
#29     runZoned (dart:async/zone.dart:1501)
#30     AppContext.run (package:flutter_tools/src/base/context.dart:141)
<asynchronous suspension>
#31     FlutterCommand.run (package:flutter_tools/src/runner/flutter_command.dart:270)
#32     CommandRunner.runCommand (package:args/command_runner.dart:194)
<asynchronous suspension>
#33     FlutterCommandRunner.runCommand.<anonymous closure> (package:flutter_tools/src/runner/flutter_command_runner.dart:309)
<asynchronous suspension>
#34     AppContext.run.<anonymous closure> (package:flutter_tools/src/base/context.dart:142)
<asynchronous suspension>
#35     _rootRun (dart:async/zone.dart:1126)
#36     _CustomZone.run (dart:async/zone.dart:1023)
#37     runZoned (dart:async/zone.dart:1501)
#38     AppContext.run (package:flutter_tools/src/base/context.dart:141)
<asynchronous suspension>
#39     FlutterCommandRunner.runCommand (package:flutter_tools/src/runner/flutter_command_runner.dart:265)
<asynchronous suspension>
#40     CommandRunner.run.<anonymous closure> (package:args/command_runner.dart:109)
#41     new Future.sync (dart:async/future.dart:222)
#42     CommandRunner.run (package:args/command_runner.dart:109)
#43     FlutterCommandRunner.run (package:flutter_tools/src/runner/flutter_command_runner.dart:174)
#44     run.<anonymous closure> (package:flutter_tools/runner.dart:59)
<asynchronous suspension>
#45     AppContext.run.<anonymous closure> (package:flutter_tools/src/base/context.dart:142)
<asynchronous suspension>
#46     _rootRun (dart:async/zone.dart:1126)
#47     _CustomZone.run (dart:async/zone.dart:1023)
#48     runZoned (dart:async/zone.dart:1501)
#49     AppContext.run (package:flutter_tools/src/base/context.dart:141)
<asynchronous suspension>
#50     runInContext (package:flutter_tools/src/context_runner.dart:43)
<asynchronous suspension>
#51     run (package:flutter_tools/runner.dart:50)
#52     main (package:flutter_tools/executable.dart:49)
<asynchronous suspension>
#53     main (file:///b/build/slave/Mac_Flutter_Packaging/build/archive/flutter/packages/flutter_tools/bin/flutter_tools.dart:8)
#54     _startIsolate.<anonymous closure> (dart:isolate-patch/dart:isolate/isolate_patch.dart:277)
#55     _RawReceivePortImpl._handleMessage (dart:isolate-patch/dart:isolate/isolate_patch.dart:165)
```

## flutter doctor

```
[✓] Flutter (Channel beta, v0.5.1, on Mac OS X 10.13.4 17E199, locale en-IN)
    • Flutter version 0.5.1 at /Users/angitha.d/Documents/FlutterWorkspace/flutter
    • Framework revision c7ea3ca377 (7 weeks ago), 2018-05-29 21:07:33 +0200
    • Engine revision 1ed25ca7b7
    • Dart version 2.0.0-dev.58.0.flutter-f981f09760

[✓] Android toolchain - develop for Android devices (Android SDK 27.0.3)
    • Android SDK at /Users/angitha.d/Library/Android/sdk
    • Android NDK location not configured (optional; useful for native profiling support)
    • Platform android-P, build-tools 27.0.3
    • Java binary at: /Applications/Android Studio.app/Contents/jre/jdk/Contents/Home/bin/java
    • Java version OpenJDK Runtime Environment (build 1.8.0_152-release-1024-b01)
    • All Android licenses accepted.

[✓] iOS toolchain - develop for iOS devices (Xcode 9.3)
    • Xcode at /Applications/Xcode.app/Contents/Developer
    • Xcode 9.3, Build version 9E145
    • ios-deploy 1.9.2
    • CocoaPods version 1.5.3

[✓] Android Studio
    • Android Studio at /Applications/Android Studio 3.2 Preview.app/Contents
    ✗ Flutter plugin not installed; this adds Flutter specific functionality.
    ✗ Dart plugin not installed; this adds Dart specific functionality.
    • Java version OpenJDK Runtime Environment (build 1.8.0_152-release-1136-b02)

[✓] Android Studio (version 3.1)
    • Android Studio at /Applications/Android Studio.app/Contents
    • Flutter plugin version 26.0.1
    • Dart plugin version 173.4700
    • Java version OpenJDK Runtime Environment (build 1.8.0_152-release-1024-b01)

[!] IntelliJ IDEA Ultimate Edition (version 2017.2.1)
    • IntelliJ at /Applications/IntelliJ IDEA.app
    ✗ Flutter plugin not installed; this adds Flutter specific functionality.
    ✗ Dart plugin not installed; this adds Dart specific functionality.
    • For information about installing plugins, see
      https://flutter.io/intellij-setup/#installing-the-plugins

[!] VS Code (version 1.25.1)
    • VS Code at /Applications/Visual Studio Code.app/Contents
    • Flutter extension not installed; install from
      https://marketplace.visualstudio.com/items?itemName=Dart-Code.flutter

[✓] Connected devices (1 available)
    • Android SDK built for x86 • emulator-5554 • android-x86 • Android P (API 27) (emulator)

! Doctor found issues in 2 categories.
```
