Flutter crash report; please file at https://github.com/flutter/flutter/issues.

## command

flutter packages get

## exception

YamlException: Error on line 17, column 19: Mapping values are not allowed here. Did you miss a colon earlier?
 json_serializable: ^0.5.0
                  ^

```
#0      Scanner._fetchValue (package:yaml/src/scanner.dart:713)
#1      Scanner._fetchNextToken (package:yaml/src/scanner.dart:457)
#2      Scanner._fetchMoreTokens (package:yaml/src/scanner.dart:339)
#3      Scanner.peek (package:yaml/src/scanner.dart:317)
#4      Parser._parseBlockMappingKey (package:yaml/src/parser.dart:418)
#5      Parser._stateMachine (package:yaml/src/parser.dart:86)
#6      Parser.parse (package:yaml/src/parser.dart:47)
#7      Loader._loadMapping (package:yaml/src/loader.dart:171)
#8      Loader._loadNode (package:yaml/src/loader.dart:86)
#9      Loader._loadDocument (package:yaml/src/loader.dart:62)
#10     Loader.load (package:yaml/src/loader.dart:54)
#11     loadYamlDocument (package:yaml/yaml.dart:51)
#12     loadYamlNode (package:yaml/yaml.dart:42)
#13     loadYaml (package:yaml/yaml.dart:34)
#14     _pluginFromPubspec (package:flutter_tools/src/plugins.dart:52)
#15     _findPlugins.<anonymous closure> (package:flutter_tools/src/plugins.dart:75)
#16     _HashVMBase&MapMixin&&_LinkedHashMapMixin.forEach (dart:collection-patch/dart:collection/compact_hash.dart:363)
#17     _findPlugins (package:flutter_tools/src/plugins.dart:73)
#18     injectPlugins (package:flutter_tools/src/plugins.dart:234)
#19     FlutterProject.ensureReadyForPlatformSpecificTooling (package:flutter_tools/src/project.dart:62)
#20     PackagesGetCommand.runCommand (package:flutter_tools/src/commands/packages.dart:85)
<asynchronous suspension>
#21     FlutterCommand.verifyThenRunCommand (package:flutter_tools/src/runner/flutter_command.dart:344)
<asynchronous suspension>
#22     FlutterCommand.run.<anonymous closure> (package:flutter_tools/src/runner/flutter_command.dart:279)
<asynchronous suspension>
#23     AppContext.run.<anonymous closure> (package:flutter_tools/src/base/context.dart:142)
<asynchronous suspension>
#24     _rootRun (dart:async/zone.dart:1126)
#25     _CustomZone.run (dart:async/zone.dart:1023)
#26     runZoned (dart:async/zone.dart:1501)
#27     AppContext.run (package:flutter_tools/src/base/context.dart:141)
<asynchronous suspension>
#28     FlutterCommand.run (package:flutter_tools/src/runner/flutter_command.dart:270)
#29     CommandRunner.runCommand (package:args/command_runner.dart:194)
<asynchronous suspension>
#30     FlutterCommandRunner.runCommand.<anonymous closure> (package:flutter_tools/src/runner/flutter_command_runner.dart:309)
<asynchronous suspension>
#31     AppContext.run.<anonymous closure> (package:flutter_tools/src/base/context.dart:142)
<asynchronous suspension>
#32     _rootRun (dart:async/zone.dart:1126)
#33     _CustomZone.run (dart:async/zone.dart:1023)
#34     runZoned (dart:async/zone.dart:1501)
#35     AppContext.run (package:flutter_tools/src/base/context.dart:141)
<asynchronous suspension>
#36     FlutterCommandRunner.runCommand (package:flutter_tools/src/runner/flutter_command_runner.dart:265)
<asynchronous suspension>
#37     CommandRunner.run.<anonymous closure> (package:args/command_runner.dart:109)
#38     new Future.sync (dart:async/future.dart:222)
#39     CommandRunner.run (package:args/command_runner.dart:109)
#40     FlutterCommandRunner.run (package:flutter_tools/src/runner/flutter_command_runner.dart:174)
#41     run.<anonymous closure> (package:flutter_tools/runner.dart:59)
<asynchronous suspension>
#42     AppContext.run.<anonymous closure> (package:flutter_tools/src/base/context.dart:142)
<asynchronous suspension>
#43     _rootRun (dart:async/zone.dart:1126)
#44     _CustomZone.run (dart:async/zone.dart:1023)
#45     runZoned (dart:async/zone.dart:1501)
#46     AppContext.run (package:flutter_tools/src/base/context.dart:141)
<asynchronous suspension>
#47     runInContext (package:flutter_tools/src/context_runner.dart:43)
<asynchronous suspension>
#48     run (package:flutter_tools/runner.dart:50)
#49     main (package:flutter_tools/executable.dart:49)
<asynchronous suspension>
#50     main (file:///b/build/slave/Mac_Flutter_Packaging/build/archive/flutter/packages/flutter_tools/bin/flutter_tools.dart:8)
#51     _startIsolate.<anonymous closure> (dart:isolate-patch/dart:isolate/isolate_patch.dart:277)
#52     _RawReceivePortImpl._handleMessage (dart:isolate-patch/dart:isolate/isolate_patch.dart:165)
```

## flutter doctor

```
[✓] Flutter (Channel beta, v0.5.1, on Mac OS X 10.13.4 17E199, locale en-IN)
    • Flutter version 0.5.1 at /Users/angitha.d/Documents/FlutterWorkspace/flutter
    • Framework revision c7ea3ca377 (6 weeks ago), 2018-05-29 21:07:33 +0200
    • Engine revision 1ed25ca7b7
    • Dart version 2.0.0-dev.58.0.flutter-f981f09760

[✓] Android toolchain - develop for Android devices (Android SDK 27.0.3)
    • Android SDK at /Users/angitha.d/Library/Android/sdk
    • Android NDK location not configured (optional; useful for native profiling support)
    • Platform android-P, build-tools 27.0.3
    • Java binary at: /Applications/Android Studio.app/Contents/jre/jdk/Contents/Home/bin/java
    • Java version OpenJDK Runtime Environment (build 1.8.0_152-release-1024-b01)
    • All Android licenses accepted.

[✓] iOS toolchain - develop for iOS devices (Xcode 9.3)
    • Xcode at /Applications/Xcode.app/Contents/Developer
    • Xcode 9.3, Build version 9E145
    • ios-deploy 1.9.2
    • CocoaPods version 1.5.3

[✓] Android Studio
    • Android Studio at /Applications/Android Studio 3.2 Preview.app/Contents
    ✗ Flutter plugin not installed; this adds Flutter specific functionality.
    ✗ Dart plugin not installed; this adds Dart specific functionality.
    • Java version OpenJDK Runtime Environment (build 1.8.0_152-release-1136-b02)

[✓] Android Studio (version 3.1)
    • Android Studio at /Applications/Android Studio.app/Contents
    • Flutter plugin version 26.0.1
    • Dart plugin version 173.4700
    • Java version OpenJDK Runtime Environment (build 1.8.0_152-release-1024-b01)

[!] IntelliJ IDEA Ultimate Edition (version 2017.2.1)
    • IntelliJ at /Applications/IntelliJ IDEA.app
    ✗ Flutter plugin not installed; this adds Flutter specific functionality.
    ✗ Dart plugin not installed; this adds Dart specific functionality.
    • For information about installing plugins, see
      https://flutter.io/intellij-setup/#installing-the-plugins

[!] VS Code (version 1.25.0)
    • VS Code at /Applications/Visual Studio Code.app/Contents
    • Flutter extension not installed; install from
      https://marketplace.visualstudio.com/items?itemName=Dart-Code.flutter

[✓] Connected devices (1 available)
    • Android SDK built for x86 • emulator-5554 • android-x86 • Android P (API 27) (emulator)

! Doctor found issues in 2 categories.
```
