Flutter crash report; please file at https://github.com/flutter/flutter/issues.

## command

flutter packages get

## exception

YamlException: Error on line 41, column 3: Expected a key while parsing a block mapping.
  fonts:
  ^

```
#0      Parser._parseBlockMappingKey (package:yaml/src/parser.dart:448)
#1      Parser._stateMachine (package:yaml/src/parser.dart:86)
#2      Parser.parse (package:yaml/src/parser.dart:47)
#3      Loader._loadMapping (package:yaml/src/loader.dart:171)
#4      Loader._loadNode (package:yaml/src/loader.dart:86)
#5      Loader._loadDocument (package:yaml/src/loader.dart:62)
#6      Loader.load (package:yaml/src/loader.dart:54)
#7      loadYamlDocument (package:yaml/yaml.dart:51)
#8      loadYamlNode (package:yaml/yaml.dart:42)
#9      loadYaml (package:yaml/yaml.dart:34)
#10     _pluginFromPubspec (package:flutter_tools/src/plugins.dart:52)
#11     _findPlugins.<anonymous closure> (package:flutter_tools/src/plugins.dart:75)
#12     _HashVMBase&MapMixin&&_LinkedHashMapMixin.forEach (dart:collection-patch/dart:collection/compact_hash.dart:363)
#13     _findPlugins (package:flutter_tools/src/plugins.dart:73)
#14     injectPlugins (package:flutter_tools/src/plugins.dart:234)
#15     FlutterProject.ensureReadyForPlatformSpecificTooling (package:flutter_tools/src/project.dart:62)
#16     PackagesGetCommand.runCommand (package:flutter_tools/src/commands/packages.dart:85)
<asynchronous suspension>
#17     FlutterCommand.verifyThenRunCommand (package:flutter_tools/src/runner/flutter_command.dart:344)
<asynchronous suspension>
#18     FlutterCommand.run.<anonymous closure> (package:flutter_tools/src/runner/flutter_command.dart:279)
<asynchronous suspension>
#19     AppContext.run.<anonymous closure> (package:flutter_tools/src/base/context.dart:142)
<asynchronous suspension>
#20     _rootRun (dart:async/zone.dart:1126)
#21     _CustomZone.run (dart:async/zone.dart:1023)
#22     runZoned (dart:async/zone.dart:1501)
#23     AppContext.run (package:flutter_tools/src/base/context.dart:141)
<asynchronous suspension>
#24     FlutterCommand.run (package:flutter_tools/src/runner/flutter_command.dart:270)
#25     CommandRunner.runCommand (package:args/command_runner.dart:194)
<asynchronous suspension>
#26     FlutterCommandRunner.runCommand.<anonymous closure> (package:flutter_tools/src/runner/flutter_command_runner.dart:309)
<asynchronous suspension>
#27     AppContext.run.<anonymous closure> (package:flutter_tools/src/base/context.dart:142)
<asynchronous suspension>
#28     _rootRun (dart:async/zone.dart:1126)
#29     _CustomZone.run (dart:async/zone.dart:1023)
#30     runZoned (dart:async/zone.dart:1501)
#31     AppContext.run (package:flutter_tools/src/base/context.dart:141)
<asynchronous suspension>
#32     FlutterCommandRunner.runCommand (package:flutter_tools/src/runner/flutter_command_runner.dart:265)
<asynchronous suspension>
#33     CommandRunner.run.<anonymous closure> (package:args/command_runner.dart:109)
#34     new Future.sync (dart:async/future.dart:222)
#35     CommandRunner.run (package:args/command_runner.dart:109)
#36     FlutterCommandRunner.run (package:flutter_tools/src/runner/flutter_command_runner.dart:174)
#37     run.<anonymous closure> (package:flutter_tools/runner.dart:59)
<asynchronous suspension>
#38     AppContext.run.<anonymous closure> (package:flutter_tools/src/base/context.dart:142)
<asynchronous suspension>
#39     _rootRun (dart:async/zone.dart:1126)
#40     _CustomZone.run (dart:async/zone.dart:1023)
#41     runZoned (dart:async/zone.dart:1501)
#42     AppContext.run (package:flutter_tools/src/base/context.dart:141)
<asynchronous suspension>
#43     runInContext (package:flutter_tools/src/context_runner.dart:43)
<asynchronous suspension>
#44     run (package:flutter_tools/runner.dart:50)
#45     main (package:flutter_tools/executable.dart:49)
<asynchronous suspension>
#46     main (file:///b/build/slave/Mac_Flutter_Packaging/build/archive/flutter/packages/flutter_tools/bin/flutter_tools.dart:8)
#47     _startIsolate.<anonymous closure> (dart:isolate-patch/dart:isolate/isolate_patch.dart:277)
#48     _RawReceivePortImpl._handleMessage (dart:isolate-patch/dart:isolate/isolate_patch.dart:165)
```

## flutter doctor

```
[✓] Flutter (Channel beta, v0.5.1, on Mac OS X 10.13.4 17E199, locale en-IN)
    • Flutter version 0.5.1 at /Users/angitha.d/Documents/FlutterWorkspace/flutter
    • Framework revision c7ea3ca377 (7 weeks ago), 2018-05-29 21:07:33 +0200
    • Engine revision 1ed25ca7b7
    • Dart version 2.0.0-dev.58.0.flutter-f981f09760

[✓] Android toolchain - develop for Android devices (Android SDK 27.0.3)
    • Android SDK at /Users/angitha.d/Library/Android/sdk
    • Android NDK location not configured (optional; useful for native profiling support)
    • Platform android-P, build-tools 27.0.3
    • Java binary at: /Applications/Android Studio.app/Contents/jre/jdk/Contents/Home/bin/java
    • Java version OpenJDK Runtime Environment (build 1.8.0_152-release-1024-b01)
    • All Android licenses accepted.

[✓] iOS toolchain - develop for iOS devices (Xcode 9.3)
    • Xcode at /Applications/Xcode.app/Contents/Developer
    • Xcode 9.3, Build version 9E145
    • ios-deploy 1.9.2
    • CocoaPods version 1.5.3

[✓] Android Studio
    • Android Studio at /Applications/Android Studio 3.2 Preview.app/Contents
    ✗ Flutter plugin not installed; this adds Flutter specific functionality.
    ✗ Dart plugin not installed; this adds Dart specific functionality.
    • Java version OpenJDK Runtime Environment (build 1.8.0_152-release-1136-b02)

[✓] Android Studio (version 3.1)
    • Android Studio at /Applications/Android Studio.app/Contents
    • Flutter plugin version 26.0.1
    • Dart plugin version 173.4700
    • Java version OpenJDK Runtime Environment (build 1.8.0_152-release-1024-b01)

[!] IntelliJ IDEA Ultimate Edition (version 2017.2.1)
    • IntelliJ at /Applications/IntelliJ IDEA.app
    ✗ Flutter plugin not installed; this adds Flutter specific functionality.
    ✗ Dart plugin not installed; this adds Dart specific functionality.
    • For information about installing plugins, see
      https://flutter.io/intellij-setup/#installing-the-plugins

[!] VS Code (version 1.25.1)
    • VS Code at /Applications/Visual Studio Code.app/Contents
    • Flutter extension not installed; install from
      https://marketplace.visualstudio.com/items?itemName=Dart-Code.flutter

[✓] Connected devices (1 available)
    • Android SDK built for x86 • emulator-5554 • android-x86 • Android P (API 27) (emulator)

! Doctor found issues in 2 categories.
```
